<?xml version="1.0" encoding="UTF-8"?>
<!-- Generated by org.testng.reporters.JUnitXMLReporter -->
<testsuite hostname="ahmed" ignored="0" name="Default test" tests="3" failures="0" timestamp="22 Mar 2023 18:47:22 GMT" time="20.671" errors="0">
  <testcase name="Validate_KSA" time="0.292" classname="subscription.Subscription_Validation"/>
  <testcase name="Validate_Bahrain" time="7.807" classname="subscription.Subscription_Validation"/>
  <testcase name="Validate_Kuwait" time="1.703" classname="subscription.Subscription_Validation"/>
</testsuite> <!-- Default test -->
