<?xml version="1.0" encoding="UTF-8"?>
<!-- Generated by org.testng.reporters.JUnitXMLReporter -->
<testsuite hostname="ahmed" ignored="0" name="Default test" tests="3" failures="0" timestamp="09 Mar 2023 06:01:32 GMT" time="22.616" errors="0">
  <testcase name="Validate_KSA" time="0.439" classname="subscription.Subscription_Validation"/>
  <testcase name="Validate_Bahrain" time="4.727" classname="subscription.Subscription_Validation"/>
  <testcase name="Validate_Kuwait" time="3.782" classname="subscription.Subscription_Validation"/>
</testsuite> <!-- Default test -->
